<?xml version="1.0" encoding="utf-8"?>
<CoverageSession xmlns:xsd="http://www.w3.org/2001/XMLSchema" xmlns:xsi="http://www.w3.org/2001/XMLSchema-instance" Version="4.7.922.0">
  <Summary numSequencePoints="105" visitedSequencePoints="105" numBranchPoints="32" visitedBranchPoints="30" sequenceCoverage="100" branchCoverage="93.75" maxCyclomaticComplexity="10" minCyclomaticComplexity="1" maxCrapScore="10" minCrapScore="2" visitedClasses="2" numClasses="2" visitedMethods="8" numMethods="8" />
  <Modules>
    <Module hash="77-97-8D-42-1B-95-F1-6B-BC-39-A1-5C-BB-29-B3-AA-A3-80-64-CF">
      <Summary numSequencePoints="45" visitedSequencePoints="45" numBranchPoints="6" visitedBranchPoints="6" sequenceCoverage="100" branchCoverage="100" maxCyclomaticComplexity="1" minCyclomaticComplexity="0" maxCrapScore="2" minCrapScore="0" visitedClasses="1" numClasses="1" visitedMethods="6" numMethods="6" />
      <ModulePath>C:\Users\opola\OneDrive\Masaüstü\a - Kopya\ce100-hw3-omer-polat\ce100-hw3-sln\ce100-hw3-algo-test-cs\bin\Debug\fine-code-coverage\build-output\ce100-hw3-algo-test-cs.dll</ModulePath>
      <ModuleTime>2022-04-10T18:37:52.4007619Z</ModuleTime>
      <ModuleName>ce100-hw3-algo-test-cs</ModuleName>
      <Files>
        <File uid="1" fullPath="C:\Users\opola\OneDrive\Masaüstü\a - Kopya\ce100-hw3-omer-polat\ce100-hw3-sln\ce100-hw3-algo-test-cs\UnitTest1.cs" />
      </Files>
      <Classes>
        <Class>
          <Summary numSequencePoints="45" visitedSequencePoints="45" numBranchPoints="6" visitedBranchPoints="6" sequenceCoverage="100" branchCoverage="100" maxCyclomaticComplexity="1" minCyclomaticComplexity="1" maxCrapScore="2" minCrapScore="1" visitedClasses="1" numClasses="1" visitedMethods="6" numMethods="6" />
          <FullName>ce100_hw3_algo_test_cs.UnitTest1</FullName>
          <Methods>
            <Method visited="true" cyclomaticComplexity="1" nPathComplexity="0" sequenceCoverage="100" branchCoverage="100" crapScore="1" isConstructor="false" isStatic="false" isGetter="false" isSetter="false">
              <Summary numSequencePoints="9" visitedSequencePoints="9" numBranchPoints="1" visitedBranchPoints="1" sequenceCoverage="100" branchCoverage="100" maxCyclomaticComplexity="1" minCyclomaticComplexity="1" maxCrapScore="1" minCrapScore="1" visitedClasses="0" numClasses="0" visitedMethods="1" numMethods="1" />
              <MetadataToken>100663297</MetadataToken>
              <Name>System.Void ce100_hw3_algo_test_cs.UnitTest1::LongestCommonSubsquence_TestMethod1()</Name>
              <FileRef uid="1" />
              <SequencePoints>
                <SequencePoint vc="1" uspid="1" ordinal="0" offset="0" sl="30" sc="9" el="30" ec="10" bec="0" bev="0" fileid="1" />
                <SequencePoint vc="1" uspid="2" ordinal="1" offset="1" sl="31" sc="13" el="31" ec="62" bec="0" bev="0" fileid="1" />
                <SequencePoint vc="1" uspid="3" ordinal="2" offset="7" sl="32" sc="13" el="32" ec="62" bec="0" bev="0" fileid="1" />
                <SequencePoint vc="1" uspid="4" ordinal="3" offset="13" sl="35" sc="13" el="35" ec="31" bec="0" bev="0" fileid="1" />
                <SequencePoint vc="1" uspid="5" ordinal="4" offset="20" sl="36" sc="13" el="36" ec="31" bec="0" bev="0" fileid="1" />
                <SequencePoint vc="1" uspid="6" ordinal="5" offset="27" sl="37" sc="13" el="37" ec="74" bec="0" bev="0" fileid="1" />
                <SequencePoint vc="1" uspid="7" ordinal="6" offset="38" sl="38" sc="13" el="38" ec="48" bec="0" bev="0" fileid="1" />
                <SequencePoint vc="1" uspid="8" ordinal="7" offset="45" sl="39" sc="13" el="39" ec="47" bec="0" bev="0" fileid="1" />
                <SequencePoint vc="1" uspid="9" ordinal="8" offset="55" sl="40" sc="9" el="40" ec="10" bec="0" bev="0" fileid="1" />
              </SequencePoints>
              <BranchPoints />
              <MethodPoint xsi:type="SequencePoint" vc="1" uspid="1" ordinal="0" offset="0" sl="30" sc="9" el="30" ec="10" bec="0" bev="0" fileid="1" />
            </Method>
            <Method visited="true" cyclomaticComplexity="1" nPathComplexity="0" sequenceCoverage="100" branchCoverage="100" crapScore="1" isConstructor="false" isStatic="false" isGetter="false" isSetter="false">
              <Summary numSequencePoints="9" visitedSequencePoints="9" numBranchPoints="1" visitedBranchPoints="1" sequenceCoverage="100" branchCoverage="100" maxCyclomaticComplexity="1" minCyclomaticComplexity="1" maxCrapScore="1" minCrapScore="1" visitedClasses="0" numClasses="0" visitedMethods="1" numMethods="1" />
              <MetadataToken>100663298</MetadataToken>
              <Name>System.Void ce100_hw3_algo_test_cs.UnitTest1::LongestCommonSubsquence_TestMethod2()</Name>
              <FileRef uid="1" />
              <SequencePoints>
                <SequencePoint vc="1" uspid="10" ordinal="0" offset="0" sl="45" sc="9" el="45" ec="10" bec="0" bev="0" fileid="1" />
                <SequencePoint vc="1" uspid="11" ordinal="1" offset="1" sl="46" sc="13" el="46" ec="51" bec="0" bev="0" fileid="1" />
                <SequencePoint vc="1" uspid="12" ordinal="2" offset="7" sl="47" sc="13" el="47" ec="51" bec="0" bev="0" fileid="1" />
                <SequencePoint vc="1" uspid="13" ordinal="3" offset="13" sl="50" sc="13" el="50" ec="31" bec="0" bev="0" fileid="1" />
                <SequencePoint vc="1" uspid="14" ordinal="4" offset="20" sl="51" sc="13" el="51" ec="31" bec="0" bev="0" fileid="1" />
                <SequencePoint vc="1" uspid="15" ordinal="5" offset="27" sl="52" sc="13" el="52" ec="74" bec="0" bev="0" fileid="1" />
                <SequencePoint vc="1" uspid="16" ordinal="6" offset="38" sl="53" sc="13" el="53" ec="44" bec="0" bev="0" fileid="1" />
                <SequencePoint vc="1" uspid="17" ordinal="7" offset="45" sl="54" sc="13" el="54" ec="47" bec="0" bev="0" fileid="1" />
                <SequencePoint vc="1" uspid="18" ordinal="8" offset="55" sl="55" sc="9" el="55" ec="10" bec="0" bev="0" fileid="1" />
              </SequencePoints>
              <BranchPoints />
              <MethodPoint xsi:type="SequencePoint" vc="1" uspid="10" ordinal="0" offset="0" sl="45" sc="9" el="45" ec="10" bec="0" bev="0" fileid="1" />
            </Method>
            <Method visited="true" cyclomaticComplexity="1" nPathComplexity="0" sequenceCoverage="100" branchCoverage="100" crapScore="1" isConstructor="false" isStatic="false" isGetter="false" isSetter="false">
              <Summary numSequencePoints="9" visitedSequencePoints="9" numBranchPoints="1" visitedBranchPoints="1" sequenceCoverage="100" branchCoverage="100" maxCyclomaticComplexity="1" minCyclomaticComplexity="1" maxCrapScore="1" minCrapScore="1" visitedClasses="0" numClasses="0" visitedMethods="1" numMethods="1" />
              <MetadataToken>100663299</MetadataToken>
              <Name>System.Void ce100_hw3_algo_test_cs.UnitTest1::LongestCommonSubsquence_TestMethod3()</Name>
              <FileRef uid="1" />
              <SequencePoints>
                <SequencePoint vc="1" uspid="19" ordinal="0" offset="0" sl="59" sc="9" el="59" ec="10" bec="0" bev="0" fileid="1" />
                <SequencePoint vc="1" uspid="20" ordinal="1" offset="1" sl="60" sc="13" el="60" ec="50" bec="0" bev="0" fileid="1" />
                <SequencePoint vc="1" uspid="21" ordinal="2" offset="7" sl="61" sc="13" el="61" ec="50" bec="0" bev="0" fileid="1" />
                <SequencePoint vc="1" uspid="22" ordinal="3" offset="13" sl="64" sc="13" el="64" ec="31" bec="0" bev="0" fileid="1" />
                <SequencePoint vc="1" uspid="23" ordinal="4" offset="20" sl="65" sc="13" el="65" ec="31" bec="0" bev="0" fileid="1" />
                <SequencePoint vc="1" uspid="24" ordinal="5" offset="27" sl="66" sc="13" el="66" ec="74" bec="0" bev="0" fileid="1" />
                <SequencePoint vc="1" uspid="25" ordinal="6" offset="38" sl="67" sc="13" el="67" ec="43" bec="0" bev="0" fileid="1" />
                <SequencePoint vc="1" uspid="26" ordinal="7" offset="45" sl="68" sc="13" el="68" ec="47" bec="0" bev="0" fileid="1" />
                <SequencePoint vc="1" uspid="27" ordinal="8" offset="55" sl="69" sc="9" el="69" ec="10" bec="0" bev="0" fileid="1" />
              </SequencePoints>
              <BranchPoints />
              <MethodPoint xsi:type="SequencePoint" vc="1" uspid="19" ordinal="0" offset="0" sl="59" sc="9" el="59" ec="10" bec="0" bev="0" fileid="1" />
            </Method>
            <Method visited="true" cyclomaticComplexity="1" nPathComplexity="0" sequenceCoverage="100" branchCoverage="100" crapScore="1" isConstructor="false" isStatic="false" isGetter="false" isSetter="false">
              <Summary numSequencePoints="6" visitedSequencePoints="6" numBranchPoints="1" visitedBranchPoints="1" sequenceCoverage="100" branchCoverage="100" maxCyclomaticComplexity="1" minCyclomaticComplexity="1" maxCrapScore="1" minCrapScore="1" visitedClasses="0" numClasses="0" visitedMethods="1" numMethods="1" />
              <MetadataToken>100663300</MetadataToken>
              <Name>System.Void ce100_hw3_algo_test_cs.UnitTest1::MatrixChainOrder_TestMethod1()</Name>
              <FileRef uid="1" />
              <SequencePoints>
                <SequencePoint vc="1" uspid="28" ordinal="0" offset="0" sl="77" sc="9" el="77" ec="10" bec="0" bev="0" fileid="1" />
                <SequencePoint vc="1" uspid="29" ordinal="1" offset="1" sl="78" sc="13" el="78" ec="40" bec="0" bev="0" fileid="1" />
                <SequencePoint vc="1" uspid="30" ordinal="2" offset="19" sl="79" sc="13" el="79" ec="32" bec="0" bev="0" fileid="1" />
                <SequencePoint vc="1" uspid="31" ordinal="3" offset="23" sl="80" sc="13" el="80" ec="62" bec="0" bev="0" fileid="1" />
                <SequencePoint vc="1" uspid="32" ordinal="4" offset="34" sl="81" sc="13" el="81" ec="38" bec="0" bev="0" fileid="1" />
                <SequencePoint vc="1" uspid="33" ordinal="5" offset="43" sl="82" sc="9" el="82" ec="10" bec="0" bev="0" fileid="1" />
              </SequencePoints>
              <BranchPoints />
              <MethodPoint xsi:type="SequencePoint" vc="1" uspid="28" ordinal="0" offset="0" sl="77" sc="9" el="77" ec="10" bec="0" bev="0" fileid="1" />
            </Method>
            <Method visited="true" cyclomaticComplexity="1" nPathComplexity="0" sequenceCoverage="100" branchCoverage="100" crapScore="1" isConstructor="false" isStatic="false" isGetter="false" isSetter="false">
              <Summary numSequencePoints="6" visitedSequencePoints="6" numBranchPoints="1" visitedBranchPoints="1" sequenceCoverage="100" branchCoverage="100" maxCyclomaticComplexity="1" minCyclomaticComplexity="1" maxCrapScore="1" minCrapScore="1" visitedClasses="0" numClasses="0" visitedMethods="1" numMethods="1" />
              <MetadataToken>100663301</MetadataToken>
              <Name>System.Void ce100_hw3_algo_test_cs.UnitTest1::MatrixChainOrder_TestMethod2()</Name>
              <FileRef uid="1" />
              <SequencePoints>
                <SequencePoint vc="1" uspid="34" ordinal="0" offset="0" sl="86" sc="9" el="86" ec="10" bec="0" bev="0" fileid="1" />
                <SequencePoint vc="1" uspid="35" ordinal="1" offset="1" sl="87" sc="13" el="87" ec="49" bec="0" bev="0" fileid="1" />
                <SequencePoint vc="1" uspid="36" ordinal="2" offset="19" sl="88" sc="13" el="88" ec="32" bec="0" bev="0" fileid="1" />
                <SequencePoint vc="1" uspid="37" ordinal="3" offset="23" sl="89" sc="13" el="89" ec="62" bec="0" bev="0" fileid="1" />
                <SequencePoint vc="1" uspid="38" ordinal="4" offset="34" sl="90" sc="13" el="90" ec="38" bec="0" bev="0" fileid="1" />
                <SequencePoint vc="1" uspid="39" ordinal="5" offset="43" sl="91" sc="9" el="91" ec="10" bec="0" bev="0" fileid="1" />
              </SequencePoints>
              <BranchPoints />
              <MethodPoint xsi:type="SequencePoint" vc="1" uspid="34" ordinal="0" offset="0" sl="86" sc="9" el="86" ec="10" bec="0" bev="0" fileid="1" />
            </Method>
            <Method visited="true" cyclomaticComplexity="1" nPathComplexity="0" sequenceCoverage="100" branchCoverage="100" crapScore="1" isConstructor="false" isStatic="false" isGetter="false" isSetter="false">
              <Summary numSequencePoints="6" visitedSequencePoints="6" numBranchPoints="1" visitedBranchPoints="1" sequenceCoverage="100" branchCoverage="100" maxCyclomaticComplexity="1" minCyclomaticComplexity="1" maxCrapScore="1" minCrapScore="1" visitedClasses="0" numClasses="0" visitedMethods="1" numMethods="1" />
              <MetadataToken>100663302</MetadataToken>
              <Name>System.Void ce100_hw3_algo_test_cs.UnitTest1::MatrixChainOrder_TestMethod3()</Name>
              <FileRef uid="1" />
              <SequencePoints>
                <SequencePoint vc="1" uspid="40" ordinal="0" offset="0" sl="95" sc="9" el="95" ec="10" bec="0" bev="0" fileid="1" />
                <SequencePoint vc="1" uspid="41" ordinal="1" offset="1" sl="96" sc="13" el="96" ec="58" bec="0" bev="0" fileid="1" />
                <SequencePoint vc="1" uspid="42" ordinal="2" offset="19" sl="97" sc="13" el="97" ec="32" bec="0" bev="0" fileid="1" />
                <SequencePoint vc="1" uspid="43" ordinal="3" offset="23" sl="98" sc="13" el="98" ec="62" bec="0" bev="0" fileid="1" />
                <SequencePoint vc="1" uspid="44" ordinal="4" offset="34" sl="99" sc="13" el="99" ec="41" bec="0" bev="0" fileid="1" />
                <SequencePoint vc="1" uspid="45" ordinal="5" offset="46" sl="100" sc="9" el="100" ec="10" bec="0" bev="0" fileid="1" />
              </SequencePoints>
              <BranchPoints />
              <MethodPoint xsi:type="SequencePoint" vc="1" uspid="40" ordinal="0" offset="0" sl="95" sc="9" el="95" ec="10" bec="0" bev="0" fileid="1" />
            </Method>
            <Method visited="false" cyclomaticComplexity="1" nPathComplexity="0" sequenceCoverage="0" branchCoverage="0" crapScore="2" isConstructor="true" isStatic="false" isGetter="false" isSetter="false">
              <Summary numSequencePoints="0" visitedSequencePoints="0" numBranchPoints="0" visitedBranchPoints="0" sequenceCoverage="0" branchCoverage="0" maxCyclomaticComplexity="1" minCyclomaticComplexity="1" maxCrapScore="2" minCrapScore="2" visitedClasses="0" numClasses="0" visitedMethods="0" numMethods="0" />
              <MetadataToken>100663303</MetadataToken>
              <Name>System.Void ce100_hw3_algo_test_cs.UnitTest1::.ctor()</Name>
              <SequencePoints />
              <BranchPoints />
              <MethodPoint vc="0" uspid="46" ordinal="0" offset="0" />
            </Method>
          </Methods>
        </Class>
      </Classes>
    </Module>
    <Module hash="76-8C-DA-C6-FD-D7-D5-65-BA-5D-A8-68-34-5E-9C-C7-5A-BC-67-12">
      <Summary numSequencePoints="60" visitedSequencePoints="60" numBranchPoints="26" visitedBranchPoints="24" sequenceCoverage="100" branchCoverage="92.31" maxCyclomaticComplexity="10" minCyclomaticComplexity="1" maxCrapScore="10" minCrapScore="2" visitedClasses="1" numClasses="1" visitedMethods="2" numMethods="2" />
      <ModulePath>C:\Users\opola\OneDrive\Masaüstü\a - Kopya\ce100-hw3-omer-polat\ce100-hw3-sln\ce100-hw3-algo-test-cs\bin\Debug\fine-code-coverage\build-output\ce100-hw3-sln.dll</ModulePath>
      <ModuleTime>2022-04-10T18:22:11.7880258Z</ModuleTime>
      <ModuleName>ce100-hw3-sln</ModuleName>
      <Files>
        <File uid="3" fullPath="C:\Users\opola\OneDrive\Masaüstü\ce100-hw3-omer-polat\ce100-hw3-sln\ce100-hw3-sln\Class1.cs" />
      </Files>
      <Classes>
        <Class>
          <Summary numSequencePoints="60" visitedSequencePoints="60" numBranchPoints="26" visitedBranchPoints="24" sequenceCoverage="100" branchCoverage="92.31" maxCyclomaticComplexity="10" minCyclomaticComplexity="1" maxCrapScore="10" minCrapScore="2" visitedClasses="1" numClasses="1" visitedMethods="2" numMethods="2" />
          <FullName>ce100_hw3_sln.Class1</FullName>
          <Methods>
            <Method visited="true" cyclomaticComplexity="10" nPathComplexity="512" sequenceCoverage="100" branchCoverage="94.74" crapScore="10" isConstructor="false" isStatic="true" isGetter="false" isSetter="false">
              <Summary numSequencePoints="46" visitedSequencePoints="46" numBranchPoints="19" visitedBranchPoints="18" sequenceCoverage="100" branchCoverage="94.74" maxCyclomaticComplexity="10" minCyclomaticComplexity="10" maxCrapScore="10" minCrapScore="10" visitedClasses="0" numClasses="0" visitedMethods="1" numMethods="1" />
              <MetadataToken>100663297</MetadataToken>
              <Name>System.String ce100_hw3_sln.Class1::LongestCommonSubsquence(System.String,System.String,System.Int32,System.Int32)</Name>
              <FileRef uid="3" />
              <SequencePoints>
                <SequencePoint vc="3" uspid="47" ordinal="0" offset="0" sl="48" sc="9" el="48" ec="10" bec="0" bev="0" fileid="3" />
                <SequencePoint vc="3" uspid="48" ordinal="1" offset="1" sl="49" sc="13" el="49" ec="46" bec="0" bev="0" fileid="3" />
                <SequencePoint vc="3" uspid="49" ordinal="2" offset="13" sl="55" sc="18" el="55" ec="27" bec="0" bev="0" fileid="3" />
                <SequencePoint vc="82" uspid="50" ordinal="3" offset="21" sl="56" sc="13" el="56" ec="14" bec="0" bev="0" fileid="3" />
                <SequencePoint vc="82" uspid="51" ordinal="4" offset="22" sl="57" sc="22" el="57" ec="31" bec="0" bev="0" fileid="3" />
                <SequencePoint vc="2330" uspid="52" ordinal="5" offset="30" sl="58" sc="17" el="58" ec="18" bec="0" bev="0" fileid="3" />
                <SequencePoint vc="2330" uspid="53" ordinal="6" offset="31" sl="59" sc="21" el="59" ec="42" bec="4" bev="4" fileid="3" />
                <SequencePoint vc="161" uspid="54" ordinal="7" offset="49" sl="60" sc="21" el="60" ec="22" bec="0" bev="0" fileid="3" />
                <SequencePoint vc="161" uspid="55" ordinal="8" offset="50" sl="61" sc="25" el="61" ec="37" bec="0" bev="0" fileid="3" />
                <SequencePoint vc="161" uspid="56" ordinal="9" offset="61" sl="62" sc="21" el="62" ec="22" bec="0" bev="0" fileid="3" />
                <SequencePoint vc="2169" uspid="57" ordinal="10" offset="64" sl="63" sc="26" el="63" ec="51" bec="2" bev="2" fileid="3" />
                <SequencePoint vc="166" uspid="58" ordinal="11" offset="92" sl="64" sc="21" el="64" ec="22" bec="0" bev="0" fileid="3" />
                <SequencePoint vc="166" uspid="59" ordinal="12" offset="93" sl="65" sc="25" el="65" ec="55" bec="0" bev="0" fileid="3" />
                <SequencePoint vc="166" uspid="60" ordinal="13" offset="119" sl="66" sc="21" el="66" ec="22" bec="0" bev="0" fileid="3" />
                <SequencePoint vc="2003" uspid="61" ordinal="14" offset="122" sl="68" sc="21" el="68" ec="22" bec="0" bev="0" fileid="3" />
                <SequencePoint vc="2003" uspid="62" ordinal="15" offset="123" sl="69" sc="25" el="69" ec="70" bec="0" bev="0" fileid="3" />
                <SequencePoint vc="2003" uspid="63" ordinal="16" offset="162" sl="70" sc="21" el="70" ec="22" bec="0" bev="0" fileid="3" />
                <SequencePoint vc="2330" uspid="64" ordinal="17" offset="163" sl="71" sc="17" el="71" ec="18" bec="0" bev="0" fileid="3" />
                <SequencePoint vc="2330" uspid="65" ordinal="18" offset="164" sl="57" sc="41" el="57" ec="44" bec="0" bev="0" fileid="3" />
                <SequencePoint vc="2412" uspid="66" ordinal="19" offset="170" sl="57" sc="33" el="57" ec="39" bec="2" bev="2" fileid="3" />
                <SequencePoint vc="82" uspid="67" ordinal="20" offset="187" sl="72" sc="13" el="72" ec="14" bec="0" bev="0" fileid="3" />
                <SequencePoint vc="82" uspid="68" ordinal="21" offset="188" sl="55" sc="37" el="55" ec="40" bec="0" bev="0" fileid="3" />
                <SequencePoint vc="85" uspid="69" ordinal="22" offset="194" sl="55" sc="29" el="55" ec="35" bec="2" bev="2" fileid="3" />
                <SequencePoint vc="3" uspid="70" ordinal="23" offset="211" sl="75" sc="13" el="75" ec="33" bec="0" bev="0" fileid="3" />
                <SequencePoint vc="3" uspid="71" ordinal="24" offset="220" sl="80" sc="13" el="80" ec="39" bec="0" bev="0" fileid="3" />
                <SequencePoint vc="3" uspid="72" ordinal="25" offset="226" sl="86" sc="13" el="86" ec="22" bec="0" bev="0" fileid="3" />
                <SequencePoint vc="3" uspid="73" ordinal="26" offset="228" sl="86" sc="24" el="86" ec="29" bec="0" bev="0" fileid="3" />
                <SequencePoint vc="118" uspid="74" ordinal="27" offset="233" sl="88" sc="13" el="88" ec="14" bec="0" bev="0" fileid="3" />
                <SequencePoint vc="118" uspid="75" ordinal="28" offset="234" sl="92" sc="17" el="92" ec="42" bec="2" bev="2" fileid="3" />
                <SequencePoint vc="33" uspid="76" ordinal="29" offset="261" sl="93" sc="17" el="93" ec="18" bec="0" bev="0" fileid="3" />
                <SequencePoint vc="33" uspid="77" ordinal="30" offset="262" sl="95" sc="21" el="95" ec="42" bec="0" bev="0" fileid="3" />
                <SequencePoint vc="33" uspid="78" ordinal="31" offset="287" sl="98" sc="21" el="98" ec="25" bec="0" bev="0" fileid="3" />
                <SequencePoint vc="33" uspid="79" ordinal="32" offset="291" sl="99" sc="21" el="99" ec="25" bec="0" bev="0" fileid="3" />
                <SequencePoint vc="33" uspid="80" ordinal="33" offset="297" sl="100" sc="21" el="100" ec="29" bec="0" bev="0" fileid="3" />
                <SequencePoint vc="33" uspid="81" ordinal="34" offset="301" sl="101" sc="17" el="101" ec="18" bec="0" bev="0" fileid="3" />
                <SequencePoint vc="85" uspid="82" ordinal="35" offset="304" sl="105" sc="22" el="105" ec="52" bec="2" bev="2" fileid="3" />
                <SequencePoint vc="39" uspid="83" ordinal="36" offset="334" sl="106" sc="17" el="106" ec="18" bec="0" bev="0" fileid="3" />
                <SequencePoint vc="39" uspid="84" ordinal="37" offset="335" sl="106" sc="19" el="106" ec="23" bec="0" bev="0" fileid="3" />
                <SequencePoint vc="39" uspid="85" ordinal="38" offset="339" sl="106" sc="24" el="106" ec="25" bec="0" bev="0" fileid="3" />
                <SequencePoint vc="46" uspid="86" ordinal="39" offset="342" sl="108" sc="17" el="108" ec="18" bec="0" bev="0" fileid="3" />
                <SequencePoint vc="46" uspid="87" ordinal="40" offset="343" sl="108" sc="19" el="108" ec="23" bec="0" bev="0" fileid="3" />
                <SequencePoint vc="46" uspid="88" ordinal="41" offset="349" sl="108" sc="24" el="108" ec="25" bec="0" bev="0" fileid="3" />
                <SequencePoint vc="118" uspid="89" ordinal="42" offset="350" sl="109" sc="13" el="109" ec="14" bec="0" bev="0" fileid="3" />
                <SequencePoint vc="121" uspid="90" ordinal="43" offset="351" sl="87" sc="13" el="87" ec="35" bec="4" bev="3" fileid="3" />
                <SequencePoint vc="3" uspid="91" ordinal="44" offset="372" sl="110" sc="13" el="110" ec="24" bec="0" bev="0" fileid="3" />
                <SequencePoint vc="3" uspid="92" ordinal="45" offset="377" sl="111" sc="9" el="111" ec="10" bec="0" bev="0" fileid="3" />
              </SequencePoints>
              <BranchPoints>
                <BranchPoint vc="2248" uspid="93" ordinal="0" offset="33" sl="59" path="0" offsetend="35" fileid="3" />
                <BranchPoint vc="82" uspid="94" ordinal="1" offset="33" sl="59" path="1" offsetend="42" fileid="3" />
                <BranchPoint vc="161" uspid="95" ordinal="2" offset="47" sl="59" path="0" offsetend="49" fileid="3" />
                <BranchPoint vc="2169" uspid="96" ordinal="3" offset="47" sl="59" path="1" offsetend="64" fileid="3" />
                <BranchPoint vc="166" uspid="97" ordinal="4" offset="90" sl="63" path="0" offsetend="92" fileid="3" />
                <BranchPoint vc="2003" uspid="98" ordinal="5" offset="90" sl="63" path="1" offsetend="122" fileid="3" />
                <BranchPoint vc="82" uspid="99" ordinal="6" offset="182" sl="57" path="0" offsetend="187" fileid="3" />
                <BranchPoint vc="2330" uspid="100" ordinal="7" offset="182" sl="57" path="1" offsetend="30" fileid="3" />
                <BranchPoint vc="3" uspid="101" ordinal="8" offset="206" sl="55" path="0" offsetend="211" fileid="3" />
                <BranchPoint vc="82" uspid="102" ordinal="9" offset="206" sl="55" path="1" offsetend="21" fileid="3" />
                <BranchPoint vc="33" uspid="103" ordinal="10" offset="259" sl="92" path="0" offsetend="261" fileid="3" />
                <BranchPoint vc="85" uspid="104" ordinal="11" offset="259" sl="92" path="1" offsetend="304" fileid="3" />
                <BranchPoint vc="39" uspid="105" ordinal="12" offset="332" sl="105" path="0" offsetend="334" fileid="3" />
                <BranchPoint vc="46" uspid="106" ordinal="13" offset="332" sl="105" path="1" offsetend="342" fileid="3" />
                <BranchPoint vc="121" uspid="107" ordinal="14" offset="353" sl="87" path="0" offsetend="355" fileid="3" />
                <BranchPoint vc="0" uspid="108" ordinal="15" offset="353" sl="87" path="1" offsetend="362" fileid="3" />
                <BranchPoint vc="3" uspid="109" ordinal="16" offset="367" sl="87" path="0" offsetend="372" fileid="3" />
                <BranchPoint vc="118" uspid="110" ordinal="17" offset="367" sl="87" path="1" offsetend="233" fileid="3" />
              </BranchPoints>
              <MethodPoint xsi:type="SequencePoint" vc="3" uspid="47" ordinal="0" offset="0" sl="48" sc="9" el="48" ec="10" bec="0" bev="0" fileid="3" />
            </Method>
            <Method visited="true" cyclomaticComplexity="4" nPathComplexity="8" sequenceCoverage="100" branchCoverage="85.71" crapScore="4" isConstructor="false" isStatic="true" isGetter="false" isSetter="false">
              <Summary numSequencePoints="14" visitedSequencePoints="14" numBranchPoints="7" visitedBranchPoints="6" sequenceCoverage="100" branchCoverage="85.71" maxCyclomaticComplexity="4" minCyclomaticComplexity="4" maxCrapScore="4" minCrapScore="4" visitedClasses="0" numClasses="0" visitedMethods="1" numMethods="1" />
              <MetadataToken>100663298</MetadataToken>
              <Name>System.Int32 ce100_hw3_sln.Class1::MatrixChainOrder(System.Int32[],System.Int32,System.Int32)</Name>
              <FileRef uid="3" />
              <SequencePoints>
                <SequencePoint vc="63" uspid="111" ordinal="0" offset="0" sl="134" sc="9" el="134" ec="10" bec="0" bev="0" fileid="3" />
                <SequencePoint vc="63" uspid="112" ordinal="1" offset="1" sl="136" sc="13" el="136" ec="24" bec="2" bev="2" fileid="3" />
                <SequencePoint vc="42" uspid="113" ordinal="2" offset="9" sl="137" sc="17" el="137" ec="26" bec="0" bev="0" fileid="3" />
                <SequencePoint vc="21" uspid="114" ordinal="3" offset="13" sl="139" sc="13" el="139" ec="36" bec="0" bev="0" fileid="3" />
                <SequencePoint vc="21" uspid="115" ordinal="4" offset="19" sl="146" sc="18" el="146" ec="27" bec="0" bev="0" fileid="3" />
                <SequencePoint vc="30" uspid="116" ordinal="5" offset="23" sl="147" sc="13" el="147" ec="14" bec="0" bev="0" fileid="3" />
                <SequencePoint vc="30" uspid="117" ordinal="6" offset="24" sl="148" sc="17" el="150" ec="54" bec="0" bev="0" fileid="3" />
                <SequencePoint vc="30" uspid="118" ordinal="7" offset="59" sl="152" sc="17" el="152" ec="33" bec="2" bev="1" fileid="3" />
                <SequencePoint vc="30" uspid="119" ordinal="8" offset="70" sl="153" sc="21" el="153" ec="33" bec="0" bev="0" fileid="3" />
                <SequencePoint vc="30" uspid="120" ordinal="9" offset="73" sl="154" sc="13" el="154" ec="14" bec="0" bev="0" fileid="3" />
                <SequencePoint vc="30" uspid="121" ordinal="10" offset="74" sl="146" sc="36" el="146" ec="39" bec="0" bev="0" fileid="3" />
                <SequencePoint vc="51" uspid="122" ordinal="11" offset="78" sl="146" sc="29" el="146" ec="34" bec="2" bev="2" fileid="3" />
                <SequencePoint vc="21" uspid="123" ordinal="12" offset="88" sl="157" sc="13" el="157" ec="24" bec="0" bev="0" fileid="3" />
                <SequencePoint vc="63" uspid="124" ordinal="13" offset="92" sl="158" sc="9" el="158" ec="10" bec="0" bev="0" fileid="3" />
              </SequencePoints>
              <BranchPoints>
                <BranchPoint vc="42" uspid="125" ordinal="0" offset="7" sl="136" path="0" offsetend="9" fileid="3" />
                <BranchPoint vc="21" uspid="126" ordinal="1" offset="7" sl="136" path="1" offsetend="13" fileid="3" />
                <BranchPoint vc="30" uspid="127" ordinal="2" offset="68" sl="152" path="0" offsetend="70" fileid="3" />
                <BranchPoint vc="0" uspid="128" ordinal="3" offset="68" sl="152" path="1" offsetend="73" fileid="3" />
                <BranchPoint vc="21" uspid="129" ordinal="4" offset="86" sl="146" path="0" offsetend="88" fileid="3" />
                <BranchPoint vc="30" uspid="130" ordinal="5" offset="86" sl="146" path="1" offsetend="23" fileid="3" />
              </BranchPoints>
              <MethodPoint xsi:type="SequencePoint" vc="63" uspid="111" ordinal="0" offset="0" sl="134" sc="9" el="134" ec="10" bec="0" bev="0" fileid="3" />
            </Method>
            <Method visited="false" cyclomaticComplexity="1" nPathComplexity="0" sequenceCoverage="0" branchCoverage="0" crapScore="2" isConstructor="true" isStatic="false" isGetter="false" isSetter="false">
              <Summary numSequencePoints="0" visitedSequencePoints="0" numBranchPoints="0" visitedBranchPoints="0" sequenceCoverage="0" branchCoverage="0" maxCyclomaticComplexity="1" minCyclomaticComplexity="1" maxCrapScore="2" minCrapScore="2" visitedClasses="0" numClasses="0" visitedMethods="0" numMethods="0" />
              <MetadataToken>100663299</MetadataToken>
              <Name>System.Void ce100_hw3_sln.Class1::.ctor()</Name>
              <SequencePoints />
              <BranchPoints />
              <MethodPoint vc="0" uspid="131" ordinal="0" offset="0" />
            </Method>
          </Methods>
        </Class>
      </Classes>
    </Module>
  </Modules>
</CoverageSession>